2025-03-08 18:52:47,510 - weather_api - INFO - Creating database tables...
2025-03-08 18:52:47,512 - weather_api - INFO - Database tables created successfully
2025-03-08 18:53:03,948 - weather_api - INFO - Creating database tables...
2025-03-08 18:53:03,949 - weather_api - INFO - Database tables created successfully
2025-03-08 18:53:17,782 - weather_api - INFO - Creating database tables...
2025-03-08 18:53:17,784 - weather_api - INFO - Database tables created successfully
2025-03-08 18:53:31,157 - weather_api - INFO - Creating database tables...
2025-03-08 18:53:31,159 - weather_api - INFO - Database tables created successfully
2025-03-08 18:53:43,133 - weather_api - INFO - Creating database tables...
2025-03-08 18:53:43,134 - weather_api - INFO - Database tables created successfully
2025-03-08 18:53:58,122 - weather_api - INFO - Creating database tables...
2025-03-08 18:53:58,123 - weather_api - INFO - Database tables created successfully
2025-03-08 19:25:03,451 - weather_api - INFO - Starting database initialization...
2025-03-08 19:25:03,452 - weather_api - INFO - Database tables created successfully.
2025-03-08 19:25:10,250 - weather_api - INFO - Creating database tables...
2025-03-08 19:25:10,252 - weather_api - INFO - Database tables created successfully
2025-03-08 19:30:26,448 - weather_api - INFO - Creating database tables...
2025-03-08 19:30:26,449 - weather_api - INFO - Database tables created successfully
2025-03-08 19:33:09,419 - weather_api - INFO - Creating database tables...
2025-03-08 19:33:09,421 - weather_api - INFO - Database tables created successfully
2025-03-08 19:33:15,945 - weather_api - INFO - Creating database tables...
2025-03-08 19:33:15,946 - weather_api - INFO - Database tables created successfully
2025-03-08 19:33:17,428 - weather_api - INFO - Creating database tables...
2025-03-08 19:33:17,429 - weather_api - INFO - Database tables created successfully
2025-03-08 19:33:28,238 - weather_api - INFO - Creating database tables...
2025-03-08 19:33:28,240 - weather_api - INFO - Database tables created successfully
2025-03-08 19:33:28,692 - weather_api - INFO - Test info message
2025-03-08 19:33:28,693 - weather_api - WARNING - Test warning message
2025-03-08 19:33:28,695 - weather_api - ERROR - Test error message
2025-03-08 19:33:28,695 - weather_api - CRITICAL - Test critical message
2025-03-08 20:00:16,076 - weather_api - INFO - Creating database tables...
2025-03-08 20:00:16,077 - weather_api - INFO - Database tables created successfully
2025-03-08 20:00:34,283 - weather_api - INFO - Creating database tables...
2025-03-08 20:00:34,284 - weather_api - INFO - Database tables created successfully
2025-03-08 20:00:34,619 - weather_api - INFO - Test info message
2025-03-08 20:00:34,620 - weather_api - WARNING - Test warning message
2025-03-08 20:00:34,621 - weather_api - ERROR - Test error message
2025-03-08 20:00:34,622 - weather_api - CRITICAL - Test critical message
2025-03-08 20:00:41,054 - weather_api - INFO - Creating database tables...
2025-03-08 20:00:41,056 - weather_api - INFO - Database tables created successfully
2025-03-08 20:00:49,533 - weather_api - INFO - Creating database tables...
2025-03-08 20:00:49,535 - weather_api - INFO - Database tables created successfully
2025-03-08 20:00:55,675 - weather_api - INFO - Creating database tables...
2025-03-08 20:00:55,677 - weather_api - INFO - Database tables created successfully
2025-03-08 20:01:28,253 - weather_api - INFO - Creating database tables...
2025-03-08 20:01:28,254 - weather_api - INFO - Database tables created successfully
2025-03-08 20:02:01,072 - weather_api - INFO - Creating database tables...
2025-03-08 20:02:01,074 - weather_api - INFO - Database tables created successfully
2025-03-08 20:02:01,267 - weather_api - ERROR - Database error: (sqlite3.OperationalError) unable to open database file
(Background on this error at: https://sqlalche.me/e/20/e3q8)
2025-03-08 20:02:01,515 - weather_api - INFO - No data found for metric type: MetricType.TEMPERATURE
2025-03-08 20:02:01,515 - weather_api - INFO - Query returned no results
2025-03-08 20:02:01,867 - weather_api - INFO - Test info message
2025-03-08 20:02:01,868 - weather_api - WARNING - Test warning message
2025-03-08 20:02:01,868 - weather_api - ERROR - Test error message
2025-03-08 20:02:01,869 - weather_api - CRITICAL - Test critical message
2025-03-08 20:02:29,802 - weather_api - INFO - Creating database tables...
2025-03-08 20:02:29,803 - weather_api - INFO - Database tables created successfully
2025-03-08 20:02:29,971 - weather_api - ERROR - Database error: (sqlite3.OperationalError) unable to open database file
(Background on this error at: https://sqlalche.me/e/20/e3q8)
2025-03-08 20:02:30,236 - weather_api - INFO - No data found for metric type: MetricType.TEMPERATURE
2025-03-08 20:02:30,237 - weather_api - INFO - Query returned no results
2025-03-08 20:02:30,587 - weather_api - INFO - Test info message
2025-03-08 20:02:30,588 - weather_api - WARNING - Test warning message
2025-03-08 20:02:30,589 - weather_api - ERROR - Test error message
2025-03-08 20:02:30,589 - weather_api - CRITICAL - Test critical message
2025-03-08 20:06:37,698 - weather_api - INFO - Creating database tables...
2025-03-08 20:06:37,700 - weather_api - INFO - Database tables created successfully
2025-03-08 20:06:46,238 - weather_api - INFO - Creating database tables...
2025-03-08 20:06:46,240 - weather_api - INFO - Database tables created successfully
2025-03-08 20:06:50,484 - weather_api - INFO - Creating database tables...
2025-03-08 20:06:50,485 - weather_api - INFO - Database tables created successfully
2025-03-08 20:06:50,635 - weather_api - ERROR - Database error: (sqlite3.OperationalError) unable to open database file
(Background on this error at: https://sqlalche.me/e/20/e3q8)
2025-03-08 20:06:50,905 - weather_api - INFO - No data found for metric type: MetricType.TEMPERATURE
2025-03-08 20:06:50,906 - weather_api - INFO - Query returned no results
2025-03-08 20:06:51,274 - weather_api - INFO - Test info message
2025-03-08 20:06:51,275 - weather_api - WARNING - Test warning message
2025-03-08 20:06:51,276 - weather_api - ERROR - Test error message
2025-03-08 20:06:51,277 - weather_api - CRITICAL - Test critical message
2025-03-09 01:06:22,929 - weather_api - INFO - No data found for metric type: MetricType.TEMPERATURE
2025-03-09 01:06:22,930 - weather_api - INFO - Query returned no results
2025-03-09 01:17:22,384 - weather_api - INFO - Creating database tables...
2025-03-09 01:17:22,385 - weather_api - INFO - Database tables created successfully
2025-03-09 01:17:48,619 - weather_api - INFO - Creating database tables...
2025-03-09 01:17:48,621 - weather_api - INFO - Database tables created successfully
2025-03-09 01:18:10,137 - weather_api - INFO - Creating database tables...
2025-03-09 01:18:10,139 - weather_api - INFO - Database tables created successfully
2025-03-09 01:18:28,244 - weather_api - INFO - Creating database tables...
2025-03-09 01:18:28,246 - weather_api - INFO - Database tables created successfully
2025-03-09 01:18:37,772 - weather_api - INFO - Creating database tables...
2025-03-09 01:18:37,774 - weather_api - INFO - Database tables created successfully
2025-03-09 01:18:38,126 - weather_api - ERROR - Database error: (sqlite3.OperationalError) unable to open database file
(Background on this error at: https://sqlalche.me/e/20/e3q8)
2025-03-09 01:18:38,382 - weather_api - INFO - No data found for metric type: MetricType.TEMPERATURE
2025-03-09 01:18:38,383 - weather_api - INFO - Query returned no results
2025-03-09 01:18:38,808 - weather_api - INFO - Test info message
2025-03-09 01:18:38,809 - weather_api - WARNING - Test warning message
2025-03-09 01:18:38,810 - weather_api - ERROR - Test error message
2025-03-09 01:18:38,811 - weather_api - CRITICAL - Test critical message
2025-03-09 01:21:57,599 - weather_api - INFO - Creating database tables...
2025-03-09 01:21:57,600 - weather_api - INFO - Database tables created successfully
2025-03-09 01:22:09,324 - weather_api - INFO - Creating database tables...
2025-03-09 01:22:09,326 - weather_api - INFO - Database tables created successfully
2025-03-09 01:22:19,892 - weather_api - INFO - Creating database tables...
2025-03-09 01:22:19,894 - weather_api - INFO - Database tables created successfully
2025-03-09 01:22:28,916 - weather_api - INFO - Creating database tables...
2025-03-09 01:22:28,918 - weather_api - INFO - Database tables created successfully
2025-03-09 01:23:50,874 - weather_api - INFO - Creating database tables...
2025-03-09 01:23:50,875 - weather_api - INFO - Database tables created successfully
2025-03-09 01:23:51,095 - weather_api - ERROR - Database error: (sqlite3.OperationalError) unable to open database file
(Background on this error at: https://sqlalche.me/e/20/e3q8)
2025-03-09 01:23:51,389 - weather_api - INFO - No data found for metric type: MetricType.TEMPERATURE
2025-03-09 01:23:51,389 - weather_api - INFO - Query returned no results
2025-03-09 01:23:51,812 - weather_api - INFO - Test info message
2025-03-09 01:23:51,813 - weather_api - WARNING - Test warning message
2025-03-09 01:23:51,814 - weather_api - ERROR - Test error message
2025-03-09 01:23:51,815 - weather_api - CRITICAL - Test critical message
2025-03-09 01:26:26,745 - weather_api - INFO - Creating database tables...
2025-03-09 01:26:26,747 - weather_api - INFO - Database tables created successfully
2025-03-09 01:26:34,704 - weather_api - INFO - Creating database tables...
2025-03-09 01:26:34,706 - weather_api - INFO - Database tables created successfully
2025-03-09 01:26:48,670 - weather_api - INFO - Creating database tables...
2025-03-09 01:26:48,671 - weather_api - INFO - Database tables created successfully
2025-03-09 01:26:57,351 - weather_api - INFO - Creating database tables...
2025-03-09 01:26:57,353 - weather_api - INFO - Database tables created successfully
2025-03-09 01:27:06,934 - weather_api - INFO - Creating database tables...
2025-03-09 01:27:06,936 - weather_api - INFO - Database tables created successfully
2025-03-09 01:27:27,974 - weather_api - INFO - Creating database tables...
2025-03-09 01:27:27,975 - weather_api - INFO - Database tables created successfully
2025-03-09 01:29:21,834 - weather_api - INFO - Creating database tables...
2025-03-09 01:29:21,835 - weather_api - INFO - Database tables created successfully
2025-03-09 01:29:42,361 - weather_api - INFO - Creating database tables...
2025-03-09 01:29:42,363 - weather_api - INFO - Database tables created successfully
2025-03-09 01:31:26,462 - weather_api - INFO - Creating database tables...
2025-03-09 01:31:26,464 - weather_api - INFO - Database tables created successfully
2025-03-09 01:33:26,181 - weather_api - INFO - Creating database tables...
2025-03-09 01:33:26,183 - weather_api - INFO - Database tables created successfully
2025-03-09 01:34:43,713 - weather_api - INFO - Creating database tables...
2025-03-09 01:34:43,714 - weather_api - INFO - Database tables created successfully
2025-03-09 01:34:54,602 - weather_api - INFO - Creating database tables...
2025-03-09 01:34:54,603 - weather_api - INFO - Database tables created successfully
2025-03-09 01:34:57,633 - weather_api - INFO - Creating database tables...
2025-03-09 01:34:57,635 - weather_api - INFO - Database tables created successfully
2025-03-09 01:34:57,852 - weather_api - ERROR - Database error: (sqlite3.OperationalError) unable to open database file
(Background on this error at: https://sqlalche.me/e/20/e3q8)
2025-03-09 01:34:58,149 - weather_api - INFO - No data found for metric type: MetricType.TEMPERATURE
2025-03-09 01:34:58,150 - weather_api - INFO - Query returned no results
2025-03-09 01:34:58,521 - weather_api - INFO - No data found for metric type: MetricType.TEMPERATURE
2025-03-09 01:34:58,522 - weather_api - INFO - Query returned no results
2025-03-09 01:34:58,633 - weather_api - INFO - Test info message
2025-03-09 01:34:58,635 - weather_api - WARNING - Test warning message
2025-03-09 01:34:58,636 - weather_api - ERROR - Test error message
2025-03-09 01:34:58,637 - weather_api - CRITICAL - Test critical message
2025-03-09 01:35:19,130 - weather_api - INFO - Creating database tables...
2025-03-09 01:35:19,132 - weather_api - INFO - Database tables created successfully
2025-03-09 01:35:22,614 - weather_api - INFO - Creating database tables...
2025-03-09 01:35:22,615 - weather_api - INFO - Database tables created successfully
2025-03-09 01:35:22,799 - weather_api - ERROR - Database error: (sqlite3.OperationalError) unable to open database file
(Background on this error at: https://sqlalche.me/e/20/e3q8)
2025-03-09 01:35:23,056 - weather_api - INFO - No data found for metric type: MetricType.TEMPERATURE
2025-03-09 01:35:23,057 - weather_api - INFO - Query returned no results
2025-03-09 01:35:23,369 - weather_api - INFO - No data found for metric type: MetricType.TEMPERATURE
2025-03-09 01:35:23,369 - weather_api - INFO - Query returned no results
2025-03-09 01:35:23,470 - weather_api - INFO - Test info message
2025-03-09 01:35:23,471 - weather_api - WARNING - Test warning message
2025-03-09 01:35:23,472 - weather_api - ERROR - Test error message
2025-03-09 01:35:23,473 - weather_api - CRITICAL - Test critical message
2025-03-09 01:35:36,404 - weather_api - INFO - Creating database tables...
2025-03-09 01:35:36,405 - weather_api - INFO - Database tables created successfully
2025-03-09 01:35:37,789 - weather_api - INFO - Creating database tables...
2025-03-09 01:35:37,790 - weather_api - INFO - Database tables created successfully
2025-03-09 01:35:37,963 - weather_api - ERROR - Database error: (sqlite3.OperationalError) unable to open database file
(Background on this error at: https://sqlalche.me/e/20/e3q8)
2025-03-09 01:35:38,216 - weather_api - INFO - No data found for metric type: MetricType.TEMPERATURE
2025-03-09 01:35:38,216 - weather_api - INFO - Query returned no results
2025-03-09 01:35:38,466 - weather_api - INFO - No data found for metric type: MetricType.TEMPERATURE
2025-03-09 01:35:38,467 - weather_api - INFO - Query returned no results
2025-03-09 01:35:38,563 - weather_api - INFO - Test info message
2025-03-09 01:35:38,564 - weather_api - WARNING - Test warning message
2025-03-09 01:35:38,565 - weather_api - ERROR - Test error message
2025-03-09 01:35:38,566 - weather_api - CRITICAL - Test critical message
2025-03-09 11:21:59,748 - weather_api - INFO - Creating database tables...
2025-03-09 11:21:59,753 - weather_api - INFO - Database tables created successfully
2025-03-09 11:21:59,936 - weather_api - ERROR - Database error: (sqlite3.OperationalError) unable to open database file
(Background on this error at: https://sqlalche.me/e/20/e3q8)
2025-03-09 11:22:00,206 - weather_api - INFO - No data found for metric type: MetricType.TEMPERATURE
2025-03-09 11:22:00,206 - weather_api - INFO - Query returned no results
2025-03-09 11:22:00,445 - weather_api - INFO - No data found for metric type: MetricType.TEMPERATURE
2025-03-09 11:22:00,446 - weather_api - INFO - Query returned no results
2025-03-09 11:22:00,551 - weather_api - INFO - Test info message
2025-03-09 11:22:00,552 - weather_api - WARNING - Test warning message
2025-03-09 11:22:00,553 - weather_api - ERROR - Test error message
2025-03-09 11:22:00,553 - weather_api - CRITICAL - Test critical message
2025-03-09 11:22:36,499 - weather_api - INFO - Creating database tables...
2025-03-09 11:22:36,500 - weather_api - INFO - Database tables created successfully
2025-03-09 11:22:36,643 - weather_api - ERROR - Database error: (sqlite3.OperationalError) unable to open database file
(Background on this error at: https://sqlalche.me/e/20/e3q8)
2025-03-09 11:22:37,149 - weather_api - INFO - No data found for metric type: MetricType.TEMPERATURE
2025-03-09 11:22:37,149 - weather_api - INFO - Query returned no results
2025-03-09 11:22:37,518 - weather_api - INFO - No data found for metric type: MetricType.TEMPERATURE
2025-03-09 11:22:37,518 - weather_api - INFO - Query returned no results
2025-03-09 11:22:37,626 - weather_api - INFO - Test info message
2025-03-09 11:22:37,627 - weather_api - WARNING - Test warning message
2025-03-09 11:22:37,628 - weather_api - ERROR - Test error message
2025-03-09 11:22:37,629 - weather_api - CRITICAL - Test critical message
2025-03-09 11:25:37,857 - weather_api - INFO - Creating database tables...
2025-03-09 11:25:37,858 - weather_api - INFO - Database tables created successfully
2025-03-09 11:25:38,008 - weather_api - ERROR - Database error: (sqlite3.OperationalError) unable to open database file
(Background on this error at: https://sqlalche.me/e/20/e3q8)
2025-03-09 11:25:38,274 - weather_api - INFO - No data found for metric type: MetricType.TEMPERATURE
2025-03-09 11:25:38,275 - weather_api - INFO - Query returned no results
2025-03-09 11:25:38,515 - weather_api - INFO - No data found for metric type: MetricType.TEMPERATURE
2025-03-09 11:25:38,516 - weather_api - INFO - Query returned no results
2025-03-09 11:25:38,619 - weather_api - INFO - Test info message
2025-03-09 11:25:38,620 - weather_api - WARNING - Test warning message
2025-03-09 11:25:38,621 - weather_api - ERROR - Test error message
2025-03-09 11:25:38,622 - weather_api - CRITICAL - Test critical message
2025-03-09 11:29:00,997 - weather_api - INFO - Creating database tables...
2025-03-09 11:29:00,998 - weather_api - INFO - Database tables created successfully
2025-03-09 11:29:01,142 - weather_api - ERROR - Database error: (sqlite3.OperationalError) unable to open database file
(Background on this error at: https://sqlalche.me/e/20/e3q8)
2025-03-09 11:29:01,640 - weather_api - INFO - No data found for metric type: MetricType.TEMPERATURE
2025-03-09 11:29:01,640 - weather_api - INFO - Query returned no results
2025-03-09 11:29:02,019 - weather_api - INFO - No data found for metric type: MetricType.TEMPERATURE
2025-03-09 11:29:02,019 - weather_api - INFO - Query returned no results
2025-03-09 11:29:02,116 - weather_api - INFO - Test info message
2025-03-09 11:29:02,117 - weather_api - WARNING - Test warning message
2025-03-09 11:29:02,118 - weather_api - ERROR - Test error message
2025-03-09 11:29:02,119 - weather_api - CRITICAL - Test critical message
2025-03-09 11:30:02,313 - weather_api - INFO - Creating database tables...
2025-03-09 11:30:02,314 - weather_api - INFO - Database tables created successfully
2025-03-09 11:30:02,461 - weather_api - ERROR - Database error: (sqlite3.OperationalError) unable to open database file
(Background on this error at: https://sqlalche.me/e/20/e3q8)
2025-03-09 11:30:02,725 - weather_api - INFO - No data found for metric type: MetricType.TEMPERATURE
2025-03-09 11:30:02,725 - weather_api - INFO - Query returned no results
2025-03-09 11:30:02,966 - weather_api - INFO - No data found for metric type: MetricType.TEMPERATURE
2025-03-09 11:30:02,966 - weather_api - INFO - Query returned no results
2025-03-09 11:30:03,065 - weather_api - INFO - Test info message
2025-03-09 11:30:03,065 - weather_api - WARNING - Test warning message
2025-03-09 11:30:03,066 - weather_api - ERROR - Test error message
2025-03-09 11:30:03,067 - weather_api - CRITICAL - Test critical message
2025-03-09 11:30:37,759 - weather_api - INFO - Creating database tables...
2025-03-09 11:30:37,760 - weather_api - INFO - Database tables created successfully
2025-03-09 11:33:07,933 - weather_api - INFO - Creating database tables...
2025-03-09 11:33:07,934 - weather_api - INFO - Database tables created successfully
2025-03-09 11:33:19,459 - weather_api - INFO - Creating database tables...
2025-03-09 11:33:19,460 - weather_api - INFO - Database tables created successfully
2025-03-09 11:33:19,614 - weather_api - ERROR - Database error: (sqlite3.OperationalError) unable to open database file
(Background on this error at: https://sqlalche.me/e/20/e3q8)
2025-03-09 11:33:19,905 - weather_api - INFO - No data found for metric type: MetricType.TEMPERATURE
2025-03-09 11:33:19,905 - weather_api - INFO - Query returned no results
2025-03-09 11:33:20,159 - weather_api - INFO - No data found for metric type: MetricType.TEMPERATURE
2025-03-09 11:33:20,159 - weather_api - INFO - Query returned no results
2025-03-09 11:33:20,256 - weather_api - INFO - Test info message
2025-03-09 11:33:20,257 - weather_api - WARNING - Test warning message
2025-03-09 11:33:20,258 - weather_api - ERROR - Test error message
2025-03-09 11:33:20,259 - weather_api - CRITICAL - Test critical message
2025-03-09 11:35:30,010 - weather_api - INFO - Creating database tables...
2025-03-09 11:35:30,011 - weather_api - INFO - Database tables created successfully
2025-03-09 11:37:12,346 - weather_api - INFO - Creating database tables...
2025-03-09 11:37:12,348 - weather_api - INFO - Database tables created successfully
2025-03-09 11:42:59,870 - weather_api - INFO - Creating database tables...
2025-03-09 11:42:59,871 - weather_api - INFO - Database tables created successfully
2025-03-09 11:51:13,543 - weather_api - INFO - Creating database tables...
2025-03-09 11:51:13,544 - weather_api - INFO - Database tables created successfully
2025-03-09 11:51:22,569 - weather_api - INFO - Creating database tables...
2025-03-09 11:51:22,570 - weather_api - INFO - Database tables created successfully
2025-03-09 11:51:25,035 - weather_api - INFO - Creating database tables...
2025-03-09 11:51:25,036 - weather_api - INFO - Database tables created successfully
2025-03-09 11:51:25,259 - weather_api - ERROR - Database error: (sqlite3.OperationalError) unable to open database file
(Background on this error at: https://sqlalche.me/e/20/e3q8)
2025-03-09 11:51:25,551 - weather_api - INFO - No data found for metric type: MetricType.TEMPERATURE
2025-03-09 11:51:25,551 - weather_api - INFO - Query returned no results
2025-03-09 11:51:25,805 - weather_api - INFO - No data found for metric type: MetricType.TEMPERATURE
2025-03-09 11:51:25,805 - weather_api - INFO - Query returned no results
2025-03-09 11:51:25,905 - weather_api - INFO - Test info message
2025-03-09 11:51:25,906 - weather_api - WARNING - Test warning message
2025-03-09 11:51:25,907 - weather_api - ERROR - Test error message
2025-03-09 11:51:25,908 - weather_api - CRITICAL - Test critical message
2025-03-09 11:52:06,509 - weather_api - INFO - Creating database tables...
2025-03-09 11:52:06,511 - weather_api - INFO - Database tables created successfully
2025-03-09 11:52:14,002 - weather_api - INFO - Creating database tables...
2025-03-09 11:52:14,003 - weather_api - INFO - Database tables created successfully
2025-03-09 11:52:15,366 - weather_api - INFO - Creating database tables...
2025-03-09 11:52:15,367 - weather_api - INFO - Database tables created successfully
2025-03-09 11:52:15,523 - weather_api - ERROR - Database error: (sqlite3.OperationalError) unable to open database file
(Background on this error at: https://sqlalche.me/e/20/e3q8)
2025-03-09 11:52:15,793 - weather_api - INFO - No data found for metric type: MetricType.TEMPERATURE
2025-03-09 11:52:15,793 - weather_api - INFO - Query returned no results
2025-03-09 11:52:16,044 - weather_api - INFO - No data found for metric type: MetricType.TEMPERATURE
2025-03-09 11:52:16,044 - weather_api - INFO - Query returned no results
2025-03-09 11:52:16,142 - weather_api - INFO - Test info message
2025-03-09 11:52:16,143 - weather_api - WARNING - Test warning message
2025-03-09 11:52:16,143 - weather_api - ERROR - Test error message
2025-03-09 11:52:16,144 - weather_api - CRITICAL - Test critical message
2025-03-09 11:52:30,513 - weather_api - INFO - Creating database tables...
2025-03-09 11:52:30,515 - weather_api - INFO - Database tables created successfully
2025-03-09 11:52:42,793 - weather_api - INFO - Creating database tables...
2025-03-09 11:52:42,794 - weather_api - INFO - Database tables created successfully
2025-03-09 11:53:01,690 - weather_api - INFO - Creating database tables...
2025-03-09 11:53:01,691 - weather_api - INFO - Database tables created successfully
2025-03-09 11:53:03,483 - weather_api - INFO - Creating database tables...
2025-03-09 11:53:03,484 - weather_api - INFO - Database tables created successfully
2025-03-09 11:53:03,633 - weather_api - ERROR - Database error: (sqlite3.OperationalError) unable to open database file
(Background on this error at: https://sqlalche.me/e/20/e3q8)
2025-03-09 11:53:03,903 - weather_api - INFO - No data found for metric type: MetricType.TEMPERATURE
2025-03-09 11:53:03,904 - weather_api - INFO - Query returned no results
2025-03-09 11:53:04,152 - weather_api - INFO - No data found for metric type: MetricType.TEMPERATURE
2025-03-09 11:53:04,152 - weather_api - INFO - Query returned no results
2025-03-09 11:53:04,251 - weather_api - INFO - Test info message
2025-03-09 11:53:04,253 - weather_api - WARNING - Test warning message
2025-03-09 11:53:04,254 - weather_api - ERROR - Test error message
2025-03-09 11:53:04,255 - weather_api - CRITICAL - Test critical message
2025-03-09 11:53:25,388 - weather_api - INFO - Creating database tables...
2025-03-09 11:53:25,389 - weather_api - INFO - Database tables created successfully
2025-03-09 11:53:38,415 - weather_api - INFO - Creating database tables...
2025-03-09 11:53:38,416 - weather_api - INFO - Database tables created successfully
2025-03-09 11:53:39,763 - weather_api - INFO - Creating database tables...
2025-03-09 11:53:39,764 - weather_api - INFO - Database tables created successfully
2025-03-09 11:53:39,914 - weather_api - ERROR - Database error: (sqlite3.OperationalError) unable to open database file
(Background on this error at: https://sqlalche.me/e/20/e3q8)
2025-03-09 11:53:40,186 - weather_api - INFO - No data found for metric type: MetricType.TEMPERATURE
2025-03-09 11:53:40,186 - weather_api - INFO - Query returned no results
2025-03-09 11:53:40,434 - weather_api - INFO - No data found for metric type: MetricType.TEMPERATURE
2025-03-09 11:53:40,435 - weather_api - INFO - Query returned no results
2025-03-09 11:53:40,532 - weather_api - INFO - Test info message
2025-03-09 11:53:40,533 - weather_api - WARNING - Test warning message
2025-03-09 11:53:40,534 - weather_api - ERROR - Test error message
2025-03-09 11:53:40,535 - weather_api - CRITICAL - Test critical message
2025-03-09 11:55:13,921 - weather_api - INFO - Creating database tables...
2025-03-09 11:55:13,922 - weather_api - INFO - Database tables created successfully
2025-03-09 11:55:15,665 - weather_api - INFO - Creating database tables...
2025-03-09 11:55:15,667 - weather_api - INFO - Database tables created successfully
2025-03-09 11:55:15,837 - weather_api - ERROR - Database error: (sqlite3.OperationalError) unable to open database file
(Background on this error at: https://sqlalche.me/e/20/e3q8)
2025-03-09 11:55:16,096 - weather_api - INFO - No data found for metric type: MetricType.TEMPERATURE
2025-03-09 11:55:16,096 - weather_api - INFO - Query returned no results
2025-03-09 11:55:16,344 - weather_api - INFO - No data found for metric type: MetricType.TEMPERATURE
2025-03-09 11:55:16,344 - weather_api - INFO - Query returned no results
2025-03-09 11:55:16,744 - weather_api - INFO - Test info message
2025-03-09 11:55:16,745 - weather_api - WARNING - Test warning message
2025-03-09 11:55:16,746 - weather_api - ERROR - Test error message
2025-03-09 11:55:16,747 - weather_api - CRITICAL - Test critical message
2025-03-09 11:55:28,147 - weather_api - INFO - Creating database tables...
2025-03-09 11:55:28,149 - weather_api - INFO - Database tables created successfully
2025-03-09 11:56:42,094 - weather_api - INFO - Creating database tables...
2025-03-09 11:56:42,095 - weather_api - INFO - Database tables created successfully
2025-03-09 11:56:43,729 - weather_api - INFO - Creating database tables...
2025-03-09 11:56:43,730 - weather_api - INFO - Database tables created successfully
2025-03-09 11:56:43,921 - weather_api - ERROR - Database error: (sqlite3.OperationalError) unable to open database file
(Background on this error at: https://sqlalche.me/e/20/e3q8)
2025-03-09 11:56:44,215 - weather_api - INFO - No data found for metric type: MetricType.TEMPERATURE
2025-03-09 11:56:44,215 - weather_api - INFO - Query returned no results
2025-03-09 11:56:44,492 - weather_api - INFO - No data found for metric type: MetricType.TEMPERATURE
2025-03-09 11:56:44,492 - weather_api - INFO - Query returned no results
2025-03-09 11:56:44,592 - weather_api - INFO - Test info message
2025-03-09 11:56:44,593 - weather_api - WARNING - Test warning message
2025-03-09 11:56:44,594 - weather_api - ERROR - Test error message
2025-03-09 11:56:44,595 - weather_api - CRITICAL - Test critical message
2025-03-09 15:48:23,283 - weather_api - INFO - Creating database tables...
2025-03-09 15:48:23,284 - weather_api - INFO - Database tables created successfully
2025-03-09 15:48:23,443 - weather_api - ERROR - Database error: (sqlite3.OperationalError) unable to open database file
(Background on this error at: https://sqlalche.me/e/20/e3q8)
2025-03-09 15:48:23,712 - weather_api - INFO - No data found for metric type: MetricType.TEMPERATURE
2025-03-09 15:48:23,713 - weather_api - INFO - Query returned no results
2025-03-09 15:48:23,965 - weather_api - INFO - No data found for metric type: MetricType.TEMPERATURE
2025-03-09 15:48:23,965 - weather_api - INFO - Query returned no results
2025-03-09 15:48:24,087 - weather_api - INFO - Test info message
2025-03-09 15:48:24,088 - weather_api - WARNING - Test warning message
2025-03-09 15:48:24,089 - weather_api - ERROR - Test error message
2025-03-09 15:48:24,090 - weather_api - CRITICAL - Test critical message
2025-03-09 17:11:23,702 - weather_api - INFO - Creating database tables...
2025-03-09 17:11:23,704 - weather_api - INFO - Database tables created successfully
2025-03-09 17:11:43,533 - weather_api - INFO - Creating database tables...
2025-03-09 17:11:43,535 - weather_api - INFO - Database tables created successfully
2025-03-09 17:11:43,842 - weather_api - ERROR - Database error: (sqlite3.OperationalError) unable to open database file
(Background on this error at: https://sqlalche.me/e/20/e3q8)
2025-03-09 17:11:44,110 - weather_api - INFO - No data found for metric type: MetricType.TEMPERATURE
2025-03-09 17:11:44,110 - weather_api - INFO - Query returned no results
2025-03-09 17:11:44,369 - weather_api - INFO - No data found for metric type: MetricType.TEMPERATURE
2025-03-09 17:11:44,370 - weather_api - INFO - Query returned no results
2025-03-09 17:11:44,605 - weather_api - INFO - Test info message
2025-03-09 17:11:44,606 - weather_api - WARNING - Test warning message
2025-03-09 17:11:44,607 - weather_api - ERROR - Test error message
2025-03-09 17:11:44,608 - weather_api - CRITICAL - Test critical message
2025-03-09 17:13:24,230 - weather_api - INFO - Creating database tables...
2025-03-09 17:13:24,231 - weather_api - INFO - Database tables created successfully
2025-03-09 17:13:26,541 - weather_api - INFO - Creating database tables...
2025-03-09 17:13:26,542 - weather_api - INFO - Database tables created successfully
2025-03-09 17:13:26,721 - weather_api - ERROR - Database error: (sqlite3.OperationalError) unable to open database file
(Background on this error at: https://sqlalche.me/e/20/e3q8)
2025-03-09 17:13:26,974 - weather_api - INFO - No data found for metric type: MetricType.TEMPERATURE
2025-03-09 17:13:26,974 - weather_api - INFO - Query returned no results
2025-03-09 17:13:27,235 - weather_api - INFO - No data found for metric type: MetricType.TEMPERATURE
2025-03-09 17:13:27,236 - weather_api - INFO - Query returned no results
2025-03-09 17:13:27,322 - weather_api - INFO - Test info message
2025-03-09 17:13:27,323 - weather_api - WARNING - Test warning message
2025-03-09 17:13:27,324 - weather_api - ERROR - Test error message
2025-03-09 17:13:27,325 - weather_api - CRITICAL - Test critical message
2025-03-09 17:13:59,308 - weather_api - INFO - Creating database tables...
2025-03-09 17:13:59,310 - weather_api - INFO - Database tables created successfully
2025-03-09 17:14:01,608 - weather_api - INFO - Creating database tables...
2025-03-09 17:14:01,609 - weather_api - INFO - Database tables created successfully
2025-03-09 17:14:01,770 - weather_api - ERROR - Database error: (sqlite3.OperationalError) unable to open database file
(Background on this error at: https://sqlalche.me/e/20/e3q8)
2025-03-09 17:14:02,062 - weather_api - INFO - No data found for metric type: MetricType.TEMPERATURE
2025-03-09 17:14:02,062 - weather_api - INFO - Query returned no results
2025-03-09 17:14:02,338 - weather_api - INFO - No data found for metric type: MetricType.TEMPERATURE
2025-03-09 17:14:02,338 - weather_api - INFO - Query returned no results
2025-03-09 17:14:02,425 - weather_api - INFO - Test info message
2025-03-09 17:14:02,426 - weather_api - WARNING - Test warning message
2025-03-09 17:14:02,427 - weather_api - ERROR - Test error message
2025-03-09 17:14:02,428 - weather_api - CRITICAL - Test critical message
2025-03-09 17:14:07,495 - weather_api - INFO - Creating database tables...
2025-03-09 17:14:07,497 - weather_api - INFO - Database tables created successfully
2025-03-09 17:14:17,056 - weather_api - INFO - Creating database tables...
2025-03-09 17:14:17,057 - weather_api - INFO - Database tables created successfully
2025-03-09 17:14:24,467 - weather_api - INFO - Creating database tables...
2025-03-09 17:14:24,469 - weather_api - INFO - Database tables created successfully
2025-03-09 17:14:34,035 - weather_api - INFO - Creating database tables...
2025-03-09 17:14:34,037 - weather_api - INFO - Database tables created successfully
2025-03-09 17:14:46,456 - weather_api - INFO - Creating database tables...
2025-03-09 17:14:46,458 - weather_api - INFO - Database tables created successfully
2025-03-09 17:15:13,019 - weather_api - INFO - Creating database tables...
2025-03-09 17:15:13,020 - weather_api - INFO - Database tables created successfully
2025-03-09 17:15:13,890 - weather_api - INFO - Creating database tables...
2025-03-09 17:15:13,891 - weather_api - INFO - Database tables created successfully
2025-03-09 17:15:14,111 - weather_api - ERROR - Database error: (sqlite3.OperationalError) unable to open database file
(Background on this error at: https://sqlalche.me/e/20/e3q8)
2025-03-09 17:15:14,364 - weather_api - INFO - No data found for metric type: MetricType.TEMPERATURE
2025-03-09 17:15:14,365 - weather_api - INFO - Query returned no results
2025-03-09 17:15:14,611 - weather_api - INFO - No data found for metric type: MetricType.TEMPERATURE
2025-03-09 17:15:14,611 - weather_api - INFO - Query returned no results
2025-03-09 17:15:14,711 - weather_api - INFO - Test info message
2025-03-09 17:15:14,712 - weather_api - WARNING - Test warning message
2025-03-09 17:15:14,712 - weather_api - ERROR - Test error message
2025-03-09 17:15:14,713 - weather_api - CRITICAL - Test critical message
2025-03-09 17:15:39,298 - weather_api - INFO - Creating database tables...
2025-03-09 17:15:39,300 - weather_api - INFO - Database tables created successfully
2025-03-09 17:15:43,443 - weather_api - INFO - Creating database tables...
2025-03-09 17:15:43,445 - weather_api - INFO - Database tables created successfully
2025-03-09 17:15:47,174 - weather_api - INFO - Creating database tables...
2025-03-09 17:15:47,175 - weather_api - INFO - Database tables created successfully
2025-03-09 17:15:51,335 - weather_api - INFO - Creating database tables...
2025-03-09 17:15:51,337 - weather_api - INFO - Database tables created successfully
2025-03-09 17:22:44,276 - weather_api - INFO - Creating database tables...
2025-03-09 17:22:44,277 - weather_api - INFO - Database tables created successfully
2025-03-09 20:40:51,910 - weather_api - INFO - Creating database tables...
2025-03-09 20:40:51,911 - weather_api - INFO - Database tables created successfully
2025-03-09 20:41:10,676 - weather_api - INFO - Creating database tables...
2025-03-09 20:41:10,678 - weather_api - INFO - Database tables created successfully
2025-03-09 20:41:10,952 - weather_api - ERROR - Database error: (sqlite3.OperationalError) unable to open database file
(Background on this error at: https://sqlalche.me/e/20/e3q8)
2025-03-09 20:41:11,277 - weather_api - INFO - No data found for metric type: MetricType.TEMPERATURE
2025-03-09 20:41:11,277 - weather_api - INFO - Query returned no results
2025-03-09 20:41:11,620 - weather_api - INFO - No data found for metric type: MetricType.TEMPERATURE
2025-03-09 20:41:11,620 - weather_api - INFO - Query returned no results
2025-03-09 20:41:11,750 - weather_api - INFO - Test info message
2025-03-09 20:41:11,752 - weather_api - WARNING - Test warning message
2025-03-09 20:41:11,753 - weather_api - ERROR - Test error message
2025-03-09 20:41:11,754 - weather_api - CRITICAL - Test critical message
2025-03-09 20:42:25,764 - weather_api - INFO - Creating database tables...
2025-03-09 20:42:25,766 - weather_api - INFO - Database tables created successfully
2025-03-09 20:42:34,978 - weather_api - INFO - Creating database tables...
2025-03-09 20:42:34,980 - weather_api - INFO - Database tables created successfully
2025-03-09 20:42:45,222 - weather_api - INFO - Creating database tables...
2025-03-09 20:42:45,224 - weather_api - INFO - Database tables created successfully
2025-03-09 20:42:45,464 - weather_api - ERROR - Database error: (sqlite3.OperationalError) unable to open database file
(Background on this error at: https://sqlalche.me/e/20/e3q8)
2025-03-09 20:42:45,772 - weather_api - INFO - No data found for metric type: MetricType.TEMPERATURE
2025-03-09 20:42:45,772 - weather_api - INFO - Query returned no results
2025-03-09 20:42:46,236 - weather_api - INFO - No data found for metric type: MetricType.TEMPERATURE
2025-03-09 20:42:46,237 - weather_api - INFO - Query returned no results
2025-03-09 20:42:46,367 - weather_api - INFO - Test info message
2025-03-09 20:42:46,369 - weather_api - WARNING - Test warning message
2025-03-09 20:42:46,370 - weather_api - ERROR - Test error message
2025-03-09 20:42:46,371 - weather_api - CRITICAL - Test critical message
2025-03-09 20:43:28,575 - weather_api - INFO - Creating database tables...
2025-03-09 20:43:28,577 - weather_api - INFO - Database tables created successfully
2025-03-09 20:43:33,951 - weather_api - INFO - Creating database tables...
2025-03-09 20:43:33,953 - weather_api - INFO - Database tables created successfully
2025-03-09 20:43:34,205 - weather_api - ERROR - Database error: (sqlite3.OperationalError) unable to open database file
(Background on this error at: https://sqlalche.me/e/20/e3q8)
2025-03-09 20:43:34,515 - weather_api - INFO - No data found for metric type: MetricType.TEMPERATURE
2025-03-09 20:43:34,515 - weather_api - INFO - Query returned no results
2025-03-09 20:43:34,864 - weather_api - INFO - No data found for metric type: MetricType.TEMPERATURE
2025-03-09 20:43:34,864 - weather_api - INFO - Query returned no results
2025-03-09 20:43:35,003 - weather_api - INFO - Test info message
2025-03-09 20:43:35,004 - weather_api - WARNING - Test warning message
2025-03-09 20:43:35,005 - weather_api - ERROR - Test error message
2025-03-09 20:43:35,007 - weather_api - CRITICAL - Test critical message
2025-03-09 20:44:17,421 - weather_api - INFO - Creating database tables...
2025-03-09 20:44:17,422 - weather_api - INFO - Database tables created successfully
2025-03-09 20:44:19,059 - weather_api - INFO - Creating database tables...
2025-03-09 20:44:19,061 - weather_api - INFO - Database tables created successfully
2025-03-09 20:44:19,298 - weather_api - ERROR - Database error: (sqlite3.OperationalError) unable to open database file
(Background on this error at: https://sqlalche.me/e/20/e3q8)
2025-03-09 20:44:19,621 - weather_api - INFO - No data found for metric type: MetricType.TEMPERATURE
2025-03-09 20:44:19,621 - weather_api - INFO - Query returned no results
2025-03-09 20:44:19,960 - weather_api - INFO - No data found for metric type: MetricType.TEMPERATURE
2025-03-09 20:44:19,961 - weather_api - INFO - Query returned no results
2025-03-09 20:44:20,098 - weather_api - INFO - Test info message
2025-03-09 20:44:20,100 - weather_api - WARNING - Test warning message
2025-03-09 20:44:20,101 - weather_api - ERROR - Test error message
2025-03-09 20:44:20,102 - weather_api - CRITICAL - Test critical message
2025-03-09 20:44:28,507 - weather_api - INFO - Creating database tables...
2025-03-09 20:44:28,509 - weather_api - INFO - Database tables created successfully
2025-03-09 20:44:40,054 - weather_api - INFO - Creating database tables...
2025-03-09 20:44:40,055 - weather_api - INFO - Database tables created successfully
2025-03-09 20:44:46,937 - weather_api - INFO - Creating database tables...
2025-03-09 20:44:46,939 - weather_api - INFO - Database tables created successfully
2025-03-09 20:44:49,906 - weather_api - INFO - Creating database tables...
2025-03-09 20:44:49,908 - weather_api - INFO - Database tables created successfully
2025-03-09 20:44:50,155 - weather_api - ERROR - Database error: (sqlite3.OperationalError) unable to open database file
(Background on this error at: https://sqlalche.me/e/20/e3q8)
2025-03-09 20:44:50,481 - weather_api - INFO - No data found for metric type: MetricType.TEMPERATURE
2025-03-09 20:44:50,481 - weather_api - INFO - Query returned no results
2025-03-09 20:44:50,813 - weather_api - INFO - No data found for metric type: MetricType.TEMPERATURE
2025-03-09 20:44:50,813 - weather_api - INFO - Query returned no results
2025-03-09 20:44:50,947 - weather_api - INFO - Test info message
2025-03-09 20:44:50,948 - weather_api - WARNING - Test warning message
2025-03-09 20:44:50,949 - weather_api - ERROR - Test error message
2025-03-09 20:44:50,950 - weather_api - CRITICAL - Test critical message
